<?xml version="1.0" encoding="UTF-8" standalone="no"?><testsuite errors="1" failures="0" name="Ingreso al portal de Bancolombia" skipped="0" tests="1" time="24.5" timestamp="2024-12-04 05:28:51"><testcase name="Visualizar la tasa nominal efectiva"><error message="The actor The actor Usuario does not have the ability to browse the web does not have the ability to browse the web" type="net.serenitybdd.screenplay.exceptions.ActorCannotBrowseTheWebException">The actor The actor Usuario does not have the ability to browse the web does not have the ability to browse the web</error><system-err>The actor The actor Usuario does not have the ability to browse the web does not have the ability to browse the web&#13;
com.banistmo.stepDefinitions.tasaNominalEfectivaStepDefinitions.puedoVisualizarElPorcentajeDeLaTasaNominalEfectiva(tasaNominalEfectivaStepDefinitions.java:52)&#13;
✽.puedo visualizar el porcentaje de la tasa nominal efectiva(file:///C:/Users/USER/Documents/Reto_Banistmo/src/test/resources/features/tasaNominalEfectiva.feature:10)&#13;
</system-err></testcase></testsuite>